<?xml version="1.0" encoding="UTF-8"?>
<!-- Generated by org.testng.reporters.JUnitReportReporter -->
<testsuite hostname="CISPL-IO-181" failures="0" tests="1" name="mobileautomation.LongPress" time="12.332" errors="0" timestamp="2024-06-20T13:04:41 IST" skipped="0">
  <testcase classname="mobileautomation.LongPress" name="longPressGesture" time="12.332"/>
</testsuite> <!-- mobileautomation.LongPress -->
