<?xml version="1.0" encoding="UTF-8"?>
<!-- Generated by org.testng.reporters.JUnitReportReporter -->
<testsuite hostname="CISPL-IO-181" failures="0" tests="1" name="mobileautomation.eCommerce_tc_4" time="38.855" errors="0" timestamp="2024-08-20T19:11:47 IST" skipped="0">
  <testcase classname="mobileautomation.eCommerce_tc_4" name="FillForm" time="38.855"/>
</testsuite> <!-- mobileautomation.eCommerce_tc_4 -->
