<?xml version="1.0" encoding="UTF-8"?>
<!-- Generated by org.testng.reporters.JUnitReportReporter -->
<testsuite hostname="CISPL-IO-181" failures="0" tests="1" name="mobileautomation.ScrollAction" time="13.896" errors="0" timestamp="2024-06-20T17:48:33 IST" skipped="0">
  <testcase classname="mobileautomation.ScrollAction" name="scrollAction" time="13.896"/>
</testsuite> <!-- mobileautomation.ScrollAction -->
