<?xml version="1.0" encoding="UTF-8"?>
<!-- Generated by org.testng.reporters.JUnitReportReporter -->
<testsuite hostname="CISPL-IO-181" failures="0" tests="1" name="mobileautomation.SwipeAction" time="9.803" errors="0" timestamp="2024-06-21T15:32:23 IST" skipped="0">
  <testcase classname="mobileautomation.SwipeAction" name="scrollAction" time="9.803"/>
</testsuite> <!-- mobileautomation.SwipeAction -->
