<?xml version="1.0" encoding="UTF-8"?>
<!-- Generated by org.testng.reporters.JUnitReportReporter -->
<testsuite hostname="CISPL-IO-181" failures="0" tests="1" name="mobileautomation.MiscellaneousActions" time="25.307" errors="0" timestamp="2024-06-21T21:38:02 IST" skipped="0">
  <testcase classname="mobileautomation.MiscellaneousActions" name="miscellaneousActivities" time="25.307"/>
</testsuite> <!-- mobileautomation.MiscellaneousActions -->
