<?xml version="1.0" encoding="UTF-8"?>
<!-- Generated by org.testng.reporters.JUnitReportReporter -->
<testsuite hostname="CISPL-IO-181" failures="0" tests="1" name="mobileautomation.eCommerce_tc_3" time="35.844" errors="0" timestamp="2024-09-16T13:51:08 IST" skipped="0">
  <testcase classname="mobileautomation.eCommerce_tc_3" name="FillForm" time="35.844"/>
</testsuite> <!-- mobileautomation.eCommerce_tc_3 -->
