<?xml version="1.0" encoding="UTF-8"?>
<!-- Generated by org.testng.reporters.JUnitReportReporter -->
<testsuite hostname="CISPL-IO-181" failures="0" tests="1" name="mobileautomation.eCommerce_tc_2" time="33.963" errors="0" timestamp="2024-06-26T20:42:44 IST" skipped="0">
  <testcase classname="mobileautomation.eCommerce_tc_2" name="FillForm" time="33.963"/>
</testsuite> <!-- mobileautomation.eCommerce_tc_2 -->
